[2024-08-10 10:21:59] local.ERROR: file_put_contents(C:\xampp\htdocs\MSIB WEB Developer YCHI\laravel-11\storage\framework/sessions/yP9KlNZqdyIyy6yYoupBGSKyZh7Ju7h4e1164KEe): Failed to open stream: No such file or directory {"exception":"[object] (ErrorException(code: 0): file_put_contents(C:\\xampp\\htdocs\\MSIB WEB Developer YCHI\\laravel-11\\storage\\framework/sessions/yP9KlNZqdyIyy6yYoupBGSKyZh7Ju7h4e1164KEe): Failed to open stream: No such file or directory at /Users/muhammadzainurroziqin/Downloads/MSIB WEB Developer YCHI/laravel-11/vendor/laravel/framework/src/Illuminate/Filesystem/Filesystem.php:204)
[stacktrace]
#0 /Users/muhammadzainurroziqin/Downloads/MSIB WEB Developer YCHI/laravel-11/vendor/laravel/framework/src/Illuminate/Foundation/Bootstrap/HandleExceptions.php(256): Illuminate\\Foundation\\Bootstrap\\HandleExceptions->handleError(2, 'file_put_conten...', '/Users/muhammad...', 204)
#1 [internal function]: Illuminate\\Foundation\\Bootstrap\\HandleExceptions->Illuminate\\Foundation\\Bootstrap\\{closure}(2, 'file_put_conten...', '/Users/muhammad...', 204)
#2 /Users/muhammadzainurroziqin/Downloads/MSIB WEB Developer YCHI/laravel-11/vendor/laravel/framework/src/Illuminate/Filesystem/Filesystem.php(204): file_put_contents('C:\\\\xampp\\\\htdocs...', 'a:3:{s:6:\"_toke...', 2)
#3 /Users/muhammadzainurroziqin/Downloads/MSIB WEB Developer YCHI/laravel-11/vendor/laravel/framework/src/Illuminate/Session/FileSessionHandler.php(90): Illuminate\\Filesystem\\Filesystem->put('C:\\\\xampp\\\\htdocs...', 'a:3:{s:6:\"_toke...', true)
#4 /Users/muhammadzainurroziqin/Downloads/MSIB WEB Developer YCHI/laravel-11/vendor/laravel/framework/src/Illuminate/Session/Store.php(172): Illuminate\\Session\\FileSessionHandler->write('yP9KlNZqdyIyy6y...', 'a:3:{s:6:\"_toke...')
#5 /Users/muhammadzainurroziqin/Downloads/MSIB WEB Developer YCHI/laravel-11/vendor/laravel/framework/src/Illuminate/Session/Middleware/StartSession.php(245): Illuminate\\Session\\Store->save()
#6 /Users/muhammadzainurroziqin/Downloads/MSIB WEB Developer YCHI/laravel-11/vendor/laravel/framework/src/Illuminate/Session/Middleware/StartSession.php(130): Illuminate\\Session\\Middleware\\StartSession->saveSession(Object(Illuminate\\Http\\Request))
#7 /Users/muhammadzainurroziqin/Downloads/MSIB WEB Developer YCHI/laravel-11/vendor/laravel/framework/src/Illuminate/Session/Middleware/StartSession.php(64): Illuminate\\Session\\Middleware\\StartSession->handleStatefulRequest(Object(Illuminate\\Http\\Request), Object(Illuminate\\Session\\Store), Object(Closure))
#8 /Users/muhammadzainurroziqin/Downloads/MSIB WEB Developer YCHI/laravel-11/vendor/laravel/framework/src/Illuminate/Pipeline/Pipeline.php(183): Illuminate\\Session\\Middleware\\StartSession->handle(Object(Illuminate\\Http\\Request), Object(Closure))
#9 /Users/muhammadzainurroziqin/Downloads/MSIB WEB Developer YCHI/laravel-11/vendor/laravel/framework/src/Illuminate/Cookie/Middleware/AddQueuedCookiesToResponse.php(37): Illuminate\\Pipeline\\Pipeline->Illuminate\\Pipeline\\{closure}(Object(Illuminate\\Http\\Request))
#10 /Users/muhammadzainurroziqin/Downloads/MSIB WEB Developer YCHI/laravel-11/vendor/laravel/framework/src/Illuminate/Pipeline/Pipeline.php(183): Illuminate\\Cookie\\Middleware\\AddQueuedCookiesToResponse->handle(Object(Illuminate\\Http\\Request), Object(Closure))
#11 /Users/muhammadzainurroziqin/Downloads/MSIB WEB Developer YCHI/laravel-11/vendor/laravel/framework/src/Illuminate/Cookie/Middleware/EncryptCookies.php(75): Illuminate\\Pipeline\\Pipeline->Illuminate\\Pipeline\\{closure}(Object(Illuminate\\Http\\Request))
#12 /Users/muhammadzainurroziqin/Downloads/MSIB WEB Developer YCHI/laravel-11/vendor/laravel/framework/src/Illuminate/Pipeline/Pipeline.php(183): Illuminate\\Cookie\\Middleware\\EncryptCookies->handle(Object(Illuminate\\Http\\Request), Object(Closure))
#13 /Users/muhammadzainurroziqin/Downloads/MSIB WEB Developer YCHI/laravel-11/vendor/laravel/framework/src/Illuminate/Pipeline/Pipeline.php(119): Illuminate\\Pipeline\\Pipeline->Illuminate\\Pipeline\\{closure}(Object(Illuminate\\Http\\Request))
#14 /Users/muhammadzainurroziqin/Downloads/MSIB WEB Developer YCHI/laravel-11/vendor/laravel/framework/src/Illuminate/Routing/Router.php(807): Illuminate\\Pipeline\\Pipeline->then(Object(Closure))
#15 /Users/muhammadzainurroziqin/Downloads/MSIB WEB Developer YCHI/laravel-11/vendor/laravel/framework/src/Illuminate/Routing/Router.php(786): Illuminate\\Routing\\Router->runRouteWithinStack(Object(Illuminate\\Routing\\Route), Object(Illuminate\\Http\\Request))
#16 /Users/muhammadzainurroziqin/Downloads/MSIB WEB Developer YCHI/laravel-11/vendor/laravel/framework/src/Illuminate/Routing/Router.php(750): Illuminate\\Routing\\Router->runRoute(Object(Illuminate\\Http\\Request), Object(Illuminate\\Routing\\Route))
#17 /Users/muhammadzainurroziqin/Downloads/MSIB WEB Developer YCHI/laravel-11/vendor/laravel/framework/src/Illuminate/Routing/Router.php(739): Illuminate\\Routing\\Router->dispatchToRoute(Object(Illuminate\\Http\\Request))
#18 /Users/muhammadzainurroziqin/Downloads/MSIB WEB Developer YCHI/laravel-11/vendor/laravel/framework/src/Illuminate/Foundation/Http/Kernel.php(201): Illuminate\\Routing\\Router->dispatch(Object(Illuminate\\Http\\Request))
#19 /Users/muhammadzainurroziqin/Downloads/MSIB WEB Developer YCHI/laravel-11/vendor/laravel/framework/src/Illuminate/Pipeline/Pipeline.php(144): Illuminate\\Foundation\\Http\\Kernel->Illuminate\\Foundation\\Http\\{closure}(Object(Illuminate\\Http\\Request))
#20 /Users/muhammadzainurroziqin/Downloads/MSIB WEB Developer YCHI/laravel-11/vendor/laravel/framework/src/Illuminate/Foundation/Http/Middleware/TransformsRequest.php(21): Illuminate\\Pipeline\\Pipeline->Illuminate\\Pipeline\\{closure}(Object(Illuminate\\Http\\Request))
#21 /Users/muhammadzainurroziqin/Downloads/MSIB WEB Developer YCHI/laravel-11/vendor/laravel/framework/src/Illuminate/Foundation/Http/Middleware/ConvertEmptyStringsToNull.php(31): Illuminate\\Foundation\\Http\\Middleware\\TransformsRequest->handle(Object(Illuminate\\Http\\Request), Object(Closure))
#22 /Users/muhammadzainurroziqin/Downloads/MSIB WEB Developer YCHI/laravel-11/vendor/laravel/framework/src/Illuminate/Pipeline/Pipeline.php(183): Illuminate\\Foundation\\Http\\Middleware\\ConvertEmptyStringsToNull->handle(Object(Illuminate\\Http\\Request), Object(Closure))
#23 /Users/muhammadzainurroziqin/Downloads/MSIB WEB Developer YCHI/laravel-11/vendor/laravel/framework/src/Illuminate/Foundation/Http/Middleware/TransformsRequest.php(21): Illuminate\\Pipeline\\Pipeline->Illuminate\\Pipeline\\{closure}(Object(Illuminate\\Http\\Request))
#24 /Users/muhammadzainurroziqin/Downloads/MSIB WEB Developer YCHI/laravel-11/vendor/laravel/framework/src/Illuminate/Foundation/Http/Middleware/TrimStrings.php(51): Illuminate\\Foundation\\Http\\Middleware\\TransformsRequest->handle(Object(Illuminate\\Http\\Request), Object(Closure))
#25 /Users/muhammadzainurroziqin/Downloads/MSIB WEB Developer YCHI/laravel-11/vendor/laravel/framework/src/Illuminate/Pipeline/Pipeline.php(183): Illuminate\\Foundation\\Http\\Middleware\\TrimStrings->handle(Object(Illuminate\\Http\\Request), Object(Closure))
#26 /Users/muhammadzainurroziqin/Downloads/MSIB WEB Developer YCHI/laravel-11/vendor/laravel/framework/src/Illuminate/Http/Middleware/ValidatePostSize.php(27): Illuminate\\Pipeline\\Pipeline->Illuminate\\Pipeline\\{closure}(Object(Illuminate\\Http\\Request))
#27 /Users/muhammadzainurroziqin/Downloads/MSIB WEB Developer YCHI/laravel-11/vendor/laravel/framework/src/Illuminate/Pipeline/Pipeline.php(183): Illuminate\\Http\\Middleware\\ValidatePostSize->handle(Object(Illuminate\\Http\\Request), Object(Closure))
#28 /Users/muhammadzainurroziqin/Downloads/MSIB WEB Developer YCHI/laravel-11/vendor/laravel/framework/src/Illuminate/Foundation/Http/Middleware/PreventRequestsDuringMaintenance.php(110): Illuminate\\Pipeline\\Pipeline->Illuminate\\Pipeline\\{closure}(Object(Illuminate\\Http\\Request))
#29 /Users/muhammadzainurroziqin/Downloads/MSIB WEB Developer YCHI/laravel-11/vendor/laravel/framework/src/Illuminate/Pipeline/Pipeline.php(183): Illuminate\\Foundation\\Http\\Middleware\\PreventRequestsDuringMaintenance->handle(Object(Illuminate\\Http\\Request), Object(Closure))
#30 /Users/muhammadzainurroziqin/Downloads/MSIB WEB Developer YCHI/laravel-11/vendor/laravel/framework/src/Illuminate/Http/Middleware/HandleCors.php(49): Illuminate\\Pipeline\\Pipeline->Illuminate\\Pipeline\\{closure}(Object(Illuminate\\Http\\Request))
#31 /Users/muhammadzainurroziqin/Downloads/MSIB WEB Developer YCHI/laravel-11/vendor/laravel/framework/src/Illuminate/Pipeline/Pipeline.php(183): Illuminate\\Http\\Middleware\\HandleCors->handle(Object(Illuminate\\Http\\Request), Object(Closure))
#32 /Users/muhammadzainurroziqin/Downloads/MSIB WEB Developer YCHI/laravel-11/vendor/laravel/framework/src/Illuminate/Http/Middleware/TrustProxies.php(57): Illuminate\\Pipeline\\Pipeline->Illuminate\\Pipeline\\{closure}(Object(Illuminate\\Http\\Request))
#33 /Users/muhammadzainurroziqin/Downloads/MSIB WEB Developer YCHI/laravel-11/vendor/laravel/framework/src/Illuminate/Pipeline/Pipeline.php(183): Illuminate\\Http\\Middleware\\TrustProxies->handle(Object(Illuminate\\Http\\Request), Object(Closure))
#34 /Users/muhammadzainurroziqin/Downloads/MSIB WEB Developer YCHI/laravel-11/vendor/laravel/framework/src/Illuminate/Pipeline/Pipeline.php(119): Illuminate\\Pipeline\\Pipeline->Illuminate\\Pipeline\\{closure}(Object(Illuminate\\Http\\Request))
#35 /Users/muhammadzainurroziqin/Downloads/MSIB WEB Developer YCHI/laravel-11/vendor/laravel/framework/src/Illuminate/Foundation/Http/Kernel.php(176): Illuminate\\Pipeline\\Pipeline->then(Object(Closure))
#36 /Users/muhammadzainurroziqin/Downloads/MSIB WEB Developer YCHI/laravel-11/vendor/laravel/framework/src/Illuminate/Foundation/Http/Kernel.php(145): Illuminate\\Foundation\\Http\\Kernel->sendRequestThroughRouter(Object(Illuminate\\Http\\Request))
#37 /Users/muhammadzainurroziqin/Downloads/MSIB WEB Developer YCHI/laravel-11/vendor/laravel/framework/src/Illuminate/Foundation/Application.php(1188): Illuminate\\Foundation\\Http\\Kernel->handle(Object(Illuminate\\Http\\Request))
#38 /Users/muhammadzainurroziqin/Downloads/MSIB WEB Developer YCHI/laravel-11/public/index.php(17): Illuminate\\Foundation\\Application->handleRequest(Object(Illuminate\\Http\\Request))
#39 /Users/muhammadzainurroziqin/Downloads/MSIB WEB Developer YCHI/laravel-11/vendor/laravel/framework/src/Illuminate/Foundation/resources/server.php(23): require_once('/Users/muhammad...')
#40 {main}
"} 
[2024-08-10 10:23:41] local.ERROR: file_put_contents(C:\xampp\htdocs\MSIB WEB Developer YCHI\laravel-11\storage\framework/sessions/9NSJVyVwTPXGqXu9fmsiEyRAZqOf5ud1zVpg7cqq): Failed to open stream: No such file or directory {"exception":"[object] (ErrorException(code: 0): file_put_contents(C:\\xampp\\htdocs\\MSIB WEB Developer YCHI\\laravel-11\\storage\\framework/sessions/9NSJVyVwTPXGqXu9fmsiEyRAZqOf5ud1zVpg7cqq): Failed to open stream: No such file or directory at /Users/muhammadzainurroziqin/Downloads/MSIB WEB Developer YCHI/laravel-11/vendor/laravel/framework/src/Illuminate/Filesystem/Filesystem.php:204)
[stacktrace]
#0 /Users/muhammadzainurroziqin/Downloads/MSIB WEB Developer YCHI/laravel-11/vendor/laravel/framework/src/Illuminate/Foundation/Bootstrap/HandleExceptions.php(256): Illuminate\\Foundation\\Bootstrap\\HandleExceptions->handleError(2, 'file_put_conten...', '/Users/muhammad...', 204)
#1 [internal function]: Illuminate\\Foundation\\Bootstrap\\HandleExceptions->Illuminate\\Foundation\\Bootstrap\\{closure}(2, 'file_put_conten...', '/Users/muhammad...', 204)
#2 /Users/muhammadzainurroziqin/Downloads/MSIB WEB Developer YCHI/laravel-11/vendor/laravel/framework/src/Illuminate/Filesystem/Filesystem.php(204): file_put_contents('C:\\\\xampp\\\\htdocs...', 'a:4:{s:6:\"_toke...', 2)
#3 /Users/muhammadzainurroziqin/Downloads/MSIB WEB Developer YCHI/laravel-11/vendor/laravel/framework/src/Illuminate/Session/FileSessionHandler.php(90): Illuminate\\Filesystem\\Filesystem->put('C:\\\\xampp\\\\htdocs...', 'a:4:{s:6:\"_toke...', true)
#4 /Users/muhammadzainurroziqin/Downloads/MSIB WEB Developer YCHI/laravel-11/vendor/laravel/framework/src/Illuminate/Session/Store.php(172): Illuminate\\Session\\FileSessionHandler->write('9NSJVyVwTPXGqXu...', 'a:4:{s:6:\"_toke...')
#5 /Users/muhammadzainurroziqin/Downloads/MSIB WEB Developer YCHI/laravel-11/vendor/laravel/framework/src/Illuminate/Session/Middleware/StartSession.php(245): Illuminate\\Session\\Store->save()
#6 /Users/muhammadzainurroziqin/Downloads/MSIB WEB Developer YCHI/laravel-11/vendor/laravel/framework/src/Illuminate/Session/Middleware/StartSession.php(130): Illuminate\\Session\\Middleware\\StartSession->saveSession(Object(Illuminate\\Http\\Request))
#7 /Users/muhammadzainurroziqin/Downloads/MSIB WEB Developer YCHI/laravel-11/vendor/laravel/framework/src/Illuminate/Session/Middleware/StartSession.php(64): Illuminate\\Session\\Middleware\\StartSession->handleStatefulRequest(Object(Illuminate\\Http\\Request), Object(Illuminate\\Session\\Store), Object(Closure))
#8 /Users/muhammadzainurroziqin/Downloads/MSIB WEB Developer YCHI/laravel-11/vendor/laravel/framework/src/Illuminate/Pipeline/Pipeline.php(183): Illuminate\\Session\\Middleware\\StartSession->handle(Object(Illuminate\\Http\\Request), Object(Closure))
#9 /Users/muhammadzainurroziqin/Downloads/MSIB WEB Developer YCHI/laravel-11/vendor/laravel/framework/src/Illuminate/Cookie/Middleware/AddQueuedCookiesToResponse.php(37): Illuminate\\Pipeline\\Pipeline->Illuminate\\Pipeline\\{closure}(Object(Illuminate\\Http\\Request))
#10 /Users/muhammadzainurroziqin/Downloads/MSIB WEB Developer YCHI/laravel-11/vendor/laravel/framework/src/Illuminate/Pipeline/Pipeline.php(183): Illuminate\\Cookie\\Middleware\\AddQueuedCookiesToResponse->handle(Object(Illuminate\\Http\\Request), Object(Closure))
#11 /Users/muhammadzainurroziqin/Downloads/MSIB WEB Developer YCHI/laravel-11/vendor/laravel/framework/src/Illuminate/Cookie/Middleware/EncryptCookies.php(75): Illuminate\\Pipeline\\Pipeline->Illuminate\\Pipeline\\{closure}(Object(Illuminate\\Http\\Request))
#12 /Users/muhammadzainurroziqin/Downloads/MSIB WEB Developer YCHI/laravel-11/vendor/laravel/framework/src/Illuminate/Pipeline/Pipeline.php(183): Illuminate\\Cookie\\Middleware\\EncryptCookies->handle(Object(Illuminate\\Http\\Request), Object(Closure))
#13 /Users/muhammadzainurroziqin/Downloads/MSIB WEB Developer YCHI/laravel-11/vendor/laravel/framework/src/Illuminate/Pipeline/Pipeline.php(119): Illuminate\\Pipeline\\Pipeline->Illuminate\\Pipeline\\{closure}(Object(Illuminate\\Http\\Request))
#14 /Users/muhammadzainurroziqin/Downloads/MSIB WEB Developer YCHI/laravel-11/vendor/laravel/framework/src/Illuminate/Routing/Router.php(807): Illuminate\\Pipeline\\Pipeline->then(Object(Closure))
#15 /Users/muhammadzainurroziqin/Downloads/MSIB WEB Developer YCHI/laravel-11/vendor/laravel/framework/src/Illuminate/Routing/Router.php(786): Illuminate\\Routing\\Router->runRouteWithinStack(Object(Illuminate\\Routing\\Route), Object(Illuminate\\Http\\Request))
#16 /Users/muhammadzainurroziqin/Downloads/MSIB WEB Developer YCHI/laravel-11/vendor/laravel/framework/src/Illuminate/Routing/Router.php(750): Illuminate\\Routing\\Router->runRoute(Object(Illuminate\\Http\\Request), Object(Illuminate\\Routing\\Route))
#17 /Users/muhammadzainurroziqin/Downloads/MSIB WEB Developer YCHI/laravel-11/vendor/laravel/framework/src/Illuminate/Routing/Router.php(739): Illuminate\\Routing\\Router->dispatchToRoute(Object(Illuminate\\Http\\Request))
#18 /Users/muhammadzainurroziqin/Downloads/MSIB WEB Developer YCHI/laravel-11/vendor/laravel/framework/src/Illuminate/Foundation/Http/Kernel.php(201): Illuminate\\Routing\\Router->dispatch(Object(Illuminate\\Http\\Request))
#19 /Users/muhammadzainurroziqin/Downloads/MSIB WEB Developer YCHI/laravel-11/vendor/laravel/framework/src/Illuminate/Pipeline/Pipeline.php(144): Illuminate\\Foundation\\Http\\Kernel->Illuminate\\Foundation\\Http\\{closure}(Object(Illuminate\\Http\\Request))
#20 /Users/muhammadzainurroziqin/Downloads/MSIB WEB Developer YCHI/laravel-11/vendor/laravel/framework/src/Illuminate/Foundation/Http/Middleware/TransformsRequest.php(21): Illuminate\\Pipeline\\Pipeline->Illuminate\\Pipeline\\{closure}(Object(Illuminate\\Http\\Request))
#21 /Users/muhammadzainurroziqin/Downloads/MSIB WEB Developer YCHI/laravel-11/vendor/laravel/framework/src/Illuminate/Foundation/Http/Middleware/ConvertEmptyStringsToNull.php(31): Illuminate\\Foundation\\Http\\Middleware\\TransformsRequest->handle(Object(Illuminate\\Http\\Request), Object(Closure))
#22 /Users/muhammadzainurroziqin/Downloads/MSIB WEB Developer YCHI/laravel-11/vendor/laravel/framework/src/Illuminate/Pipeline/Pipeline.php(183): Illuminate\\Foundation\\Http\\Middleware\\ConvertEmptyStringsToNull->handle(Object(Illuminate\\Http\\Request), Object(Closure))
#23 /Users/muhammadzainurroziqin/Downloads/MSIB WEB Developer YCHI/laravel-11/vendor/laravel/framework/src/Illuminate/Foundation/Http/Middleware/TransformsRequest.php(21): Illuminate\\Pipeline\\Pipeline->Illuminate\\Pipeline\\{closure}(Object(Illuminate\\Http\\Request))
#24 /Users/muhammadzainurroziqin/Downloads/MSIB WEB Developer YCHI/laravel-11/vendor/laravel/framework/src/Illuminate/Foundation/Http/Middleware/TrimStrings.php(51): Illuminate\\Foundation\\Http\\Middleware\\TransformsRequest->handle(Object(Illuminate\\Http\\Request), Object(Closure))
#25 /Users/muhammadzainurroziqin/Downloads/MSIB WEB Developer YCHI/laravel-11/vendor/laravel/framework/src/Illuminate/Pipeline/Pipeline.php(183): Illuminate\\Foundation\\Http\\Middleware\\TrimStrings->handle(Object(Illuminate\\Http\\Request), Object(Closure))
#26 /Users/muhammadzainurroziqin/Downloads/MSIB WEB Developer YCHI/laravel-11/vendor/laravel/framework/src/Illuminate/Http/Middleware/ValidatePostSize.php(27): Illuminate\\Pipeline\\Pipeline->Illuminate\\Pipeline\\{closure}(Object(Illuminate\\Http\\Request))
#27 /Users/muhammadzainurroziqin/Downloads/MSIB WEB Developer YCHI/laravel-11/vendor/laravel/framework/src/Illuminate/Pipeline/Pipeline.php(183): Illuminate\\Http\\Middleware\\ValidatePostSize->handle(Object(Illuminate\\Http\\Request), Object(Closure))
#28 /Users/muhammadzainurroziqin/Downloads/MSIB WEB Developer YCHI/laravel-11/vendor/laravel/framework/src/Illuminate/Foundation/Http/Middleware/PreventRequestsDuringMaintenance.php(110): Illuminate\\Pipeline\\Pipeline->Illuminate\\Pipeline\\{closure}(Object(Illuminate\\Http\\Request))
#29 /Users/muhammadzainurroziqin/Downloads/MSIB WEB Developer YCHI/laravel-11/vendor/laravel/framework/src/Illuminate/Pipeline/Pipeline.php(183): Illuminate\\Foundation\\Http\\Middleware\\PreventRequestsDuringMaintenance->handle(Object(Illuminate\\Http\\Request), Object(Closure))
#30 /Users/muhammadzainurroziqin/Downloads/MSIB WEB Developer YCHI/laravel-11/vendor/laravel/framework/src/Illuminate/Http/Middleware/HandleCors.php(49): Illuminate\\Pipeline\\Pipeline->Illuminate\\Pipeline\\{closure}(Object(Illuminate\\Http\\Request))
#31 /Users/muhammadzainurroziqin/Downloads/MSIB WEB Developer YCHI/laravel-11/vendor/laravel/framework/src/Illuminate/Pipeline/Pipeline.php(183): Illuminate\\Http\\Middleware\\HandleCors->handle(Object(Illuminate\\Http\\Request), Object(Closure))
#32 /Users/muhammadzainurroziqin/Downloads/MSIB WEB Developer YCHI/laravel-11/vendor/laravel/framework/src/Illuminate/Http/Middleware/TrustProxies.php(57): Illuminate\\Pipeline\\Pipeline->Illuminate\\Pipeline\\{closure}(Object(Illuminate\\Http\\Request))
#33 /Users/muhammadzainurroziqin/Downloads/MSIB WEB Developer YCHI/laravel-11/vendor/laravel/framework/src/Illuminate/Pipeline/Pipeline.php(183): Illuminate\\Http\\Middleware\\TrustProxies->handle(Object(Illuminate\\Http\\Request), Object(Closure))
#34 /Users/muhammadzainurroziqin/Downloads/MSIB WEB Developer YCHI/laravel-11/vendor/laravel/framework/src/Illuminate/Pipeline/Pipeline.php(119): Illuminate\\Pipeline\\Pipeline->Illuminate\\Pipeline\\{closure}(Object(Illuminate\\Http\\Request))
#35 /Users/muhammadzainurroziqin/Downloads/MSIB WEB Developer YCHI/laravel-11/vendor/laravel/framework/src/Illuminate/Foundation/Http/Kernel.php(176): Illuminate\\Pipeline\\Pipeline->then(Object(Closure))
#36 /Users/muhammadzainurroziqin/Downloads/MSIB WEB Developer YCHI/laravel-11/vendor/laravel/framework/src/Illuminate/Foundation/Http/Kernel.php(145): Illuminate\\Foundation\\Http\\Kernel->sendRequestThroughRouter(Object(Illuminate\\Http\\Request))
#37 /Users/muhammadzainurroziqin/Downloads/MSIB WEB Developer YCHI/laravel-11/vendor/laravel/framework/src/Illuminate/Foundation/Application.php(1188): Illuminate\\Foundation\\Http\\Kernel->handle(Object(Illuminate\\Http\\Request))
#38 /Users/muhammadzainurroziqin/Downloads/MSIB WEB Developer YCHI/laravel-11/public/index.php(17): Illuminate\\Foundation\\Application->handleRequest(Object(Illuminate\\Http\\Request))
#39 /Users/muhammadzainurroziqin/Downloads/MSIB WEB Developer YCHI/laravel-11/vendor/laravel/framework/src/Illuminate/Foundation/resources/server.php(23): require_once('/Users/muhammad...')
#40 {main}
"} 
[2024-08-10 10:26:06] local.ERROR: Cannot redeclare App\Http\Controllers\UserController::loginForm() {"exception":"[object] (Symfony\\Component\\ErrorHandler\\Error\\FatalError(code: 0): Cannot redeclare App\\Http\\Controllers\\UserController::loginForm() at /Users/muhammadzainurroziqin/Downloads/MSIB WEB Developer YCHI/laravel-11/app/Http/Controllers/UserController.php:14)
[stacktrace]
#0 {main}
"} 
[2024-08-10 10:26:07] local.ERROR: Cannot redeclare App\Http\Controllers\UserController::loginForm() {"exception":"[object] (Symfony\\Component\\ErrorHandler\\Error\\FatalError(code: 0): Cannot redeclare App\\Http\\Controllers\\UserController::loginForm() at /Users/muhammadzainurroziqin/Downloads/MSIB WEB Developer YCHI/laravel-11/app/Http/Controllers/UserController.php:14)
[stacktrace]
#0 {main}
"} 
